<?xml version="1.0" encoding="UTF-8"?>
<!-- Generated by org.testng.reporters.JUnitReportReporter -->
<testsuite skipped="0" hostname="lenovo-PC" name="Test.TestNG_Demo" tests="1" failures="0" timestamp="2019-07-10T13:28:25 AEST" time="5.447" errors="0">
  <testcase name="GoogleSearchTest" time="5.447" classname="Test.TestNG_Demo"/>
</testsuite> <!-- Test.TestNG_Demo -->
