<?xml version="1.0" encoding="UTF-8"?>
<!-- Generated by org.testng.reporters.JUnitReportReporter -->
<testsuite skipped="0" hostname="lenovo-PC" name="Test.TestNG_ExtentReport" tests="2" failures="0" timestamp="11 Jul 2019 06:52:46 GMT" time="10.595" errors="0">
  <testcase name="GoogleSearchTest2" time="5.123" classname="Test.TestNG_ExtentReport"/>
  <testcase name="GoogleSearchTest1" time="5.472" classname="Test.TestNG_ExtentReport"/>
</testsuite> <!-- Test.TestNG_ExtentReport -->
